<?xml version="1.0" encoding="UTF-8"?>
<testsuites>
  <testsuite name="CodeIgniter Application Test Suite" tests="1" assertions="1" failures="0" errors="0" time="0.021397">
    <testsuite name="Welcome_test" file="/root/swift/application/tests/controllers/Welcome_test.php" tests="1" assertions="1" failures="0" errors="0" time="0.021397">
      <testcase name="test_index" class="Welcome_test" file="/root/swift/application/tests/controllers/Welcome_test.php" line="13" assertions="1" time="0.021397"/>
    </testsuite>
  </testsuite>
</testsuites>
